2022-04-24 13:02:01,467 [main] INFO  c.e.s.StudentManagementApplicationTests            - Starting StudentManagementApplicationTests using Java 17 on DESKTOP-6MJ53NL with PID 3536 (started by admin in C:\Users\admin\git\StudentRestApi)
2022-04-24 13:02:01,470 [main] DEBUG c.e.s.StudentManagementApplicationTests            - Running with Spring Boot v2.6.2, Spring v5.3.14
2022-04-24 13:02:01,471 [main] INFO  c.e.s.StudentManagementApplicationTests            - No active profile set, falling back to default profiles: default
2022-04-24 13:02:01,756 [background-preinit] INFO  o.h.validator.internal.util.Version                - HV000001: Hibernate Validator 6.2.0.Final
2022-04-24 13:02:07,074 [main] INFO  o.s.d.r.c.RepositoryConfigurationDelegate          - Bootstrapping Spring Data JPA repositories in DEFAULT mode.
2022-04-24 13:02:07,342 [main] INFO  o.s.d.r.c.RepositoryConfigurationDelegate          - Finished Spring Data repository scanning in 225 ms. Found 1 JPA repository interfaces.
2022-04-24 13:02:10,601 [main] INFO  o.hibernate.jpa.internal.util.LogHelper            - HHH000204: Processing PersistenceUnitInfo [name: default]
2022-04-24 13:02:11,622 [main] INFO  org.hibernate.Version                              - HHH000412: Hibernate ORM core version 5.6.3.Final
2022-04-24 13:02:12,845 [main] INFO  org.hibernate.annotations.common.Version           - HCANN000001: Hibernate Commons Annotations {5.1.2.Final}
2022-04-24 13:02:13,676 [main] INFO  com.zaxxer.hikari.HikariDataSource                 - HikariPool-1 - Starting...
2022-04-24 13:02:14,569 [main] INFO  com.zaxxer.hikari.HikariDataSource                 - HikariPool-1 - Start completed.
2022-04-24 13:02:14,741 [main] INFO  org.hibernate.dialect.Dialect                      - HHH000400: Using dialect: org.hibernate.dialect.H2Dialect
2022-04-24 13:02:18,290 [main] INFO  o.h.e.t.j.p.i.JtaPlatformInitiator                 - HHH000490: Using JtaPlatform implementation: [org.hibernate.engine.transaction.jta.platform.internal.NoJtaPlatform]
2022-04-24 13:02:18,299 [main] INFO  o.s.o.j.LocalContainerEntityManagerFactoryBean     - Initialized JPA EntityManagerFactory for persistence unit 'default'
2022-04-24 13:02:20,593 [main] WARN  o.s.b.a.o.j.JpaBaseConfiguration$JpaWebConfiguration - spring.jpa.open-in-view is enabled by default. Therefore, database queries may be performed during view rendering. Explicitly configure spring.jpa.open-in-view to disable this warning
2022-04-24 13:02:21,372 [main] INFO  o.s.b.a.h2.H2ConsoleAutoConfiguration              - H2 console available at '/h2-console'. Database available at 'jdbc:h2:mem:student'
2022-04-24 13:02:22,264 [main] INFO  c.e.s.StudentManagementApplicationTests            - Started StudentManagementApplicationTests in 22.611 seconds (JVM running for 28.471)
2022-04-24 13:02:23,081 [SpringApplicationShutdownHook] INFO  o.s.o.j.LocalContainerEntityManagerFactoryBean     - Closing JPA EntityManagerFactory for persistence unit 'default'
2022-04-24 13:02:23,083 [SpringApplicationShutdownHook] INFO  com.zaxxer.hikari.HikariDataSource                 - HikariPool-1 - Shutdown initiated...
2022-04-24 13:02:23,087 [SpringApplicationShutdownHook] INFO  com.zaxxer.hikari.HikariDataSource                 - HikariPool-1 - Shutdown completed.
2022-05-03 20:17:36,123 [main] INFO  o.s.b.t.a.o.j.DataJpaTestContextBootstrapper       - Neither @ContextConfiguration nor @ContextHierarchy found for test class [com.example.student.RepositoryTest.StudentRepositoryTest], using SpringBootContextLoader
2022-05-03 20:17:36,176 [main] INFO  o.s.t.c.support.AbstractContextLoader              - Could not detect default resource locations for test class [com.example.student.RepositoryTest.StudentRepositoryTest]: no resource found for suffixes {-context.xml, Context.groovy}.
2022-05-03 20:17:36,177 [main] INFO  o.s.t.c.s.AnnotationConfigContextLoaderUtils       - Could not detect default configuration classes for test class [com.example.student.RepositoryTest.StudentRepositoryTest]: StudentRepositoryTest does not declare any static, non-private, non-final, nested classes annotated with @Configuration.
2022-05-03 20:17:37,606 [main] INFO  o.s.b.t.c.SpringBootTestContextBootstrapper        - Found @SpringBootConfiguration com.example.student.StudentManagementApplication for test class com.example.student.RepositoryTest.StudentRepositoryTest
2022-05-03 20:17:37,635 [main] INFO  o.s.b.t.a.o.j.DataJpaTestContextBootstrapper       - Loaded default TestExecutionListener class names from location [META-INF/spring.factories]: [org.springframework.boot.test.mock.mockito.MockitoTestExecutionListener, org.springframework.boot.test.mock.mockito.ResetMocksTestExecutionListener, org.springframework.boot.test.autoconfigure.restdocs.RestDocsTestExecutionListener, org.springframework.boot.test.autoconfigure.web.client.MockRestServiceServerResetTestExecutionListener, org.springframework.boot.test.autoconfigure.web.servlet.MockMvcPrintOnlyOnFailureTestExecutionListener, org.springframework.boot.test.autoconfigure.web.servlet.WebDriverTestExecutionListener, org.springframework.boot.test.autoconfigure.webservices.client.MockWebServiceServerTestExecutionListener, org.springframework.test.context.web.ServletTestExecutionListener, org.springframework.test.context.support.DirtiesContextBeforeModesTestExecutionListener, org.springframework.test.context.event.ApplicationEventsTestExecutionListener, org.springframework.test.context.support.DependencyInjectionTestExecutionListener, org.springframework.test.context.support.DirtiesContextTestExecutionListener, org.springframework.test.context.transaction.TransactionalTestExecutionListener, org.springframework.test.context.jdbc.SqlScriptsTestExecutionListener, org.springframework.test.context.event.EventPublishingTestExecutionListener, org.springframework.security.test.context.support.WithSecurityContextTestExecutionListener, org.springframework.security.test.context.support.ReactorContextTestExecutionListener]
2022-05-03 20:17:38,039 [main] INFO  o.s.b.t.a.o.j.DataJpaTestContextBootstrapper       - Using TestExecutionListeners: [org.springframework.test.context.web.ServletTestExecutionListener@6eeade6c, org.springframework.test.context.support.DirtiesContextBeforeModesTestExecutionListener@4a891c97, org.springframework.test.context.event.ApplicationEventsTestExecutionListener@a5bd950, org.springframework.boot.test.mock.mockito.MockitoTestExecutionListener@4d18aa28, org.springframework.boot.test.autoconfigure.SpringBootDependencyInjectionTestExecutionListener@75390459, org.springframework.test.context.support.DirtiesContextTestExecutionListener@7756c3cd, org.springframework.test.context.transaction.TransactionalTestExecutionListener@2313052e, org.springframework.test.context.jdbc.SqlScriptsTestExecutionListener@2bd2b28e, org.springframework.test.context.event.EventPublishingTestExecutionListener@16746061, org.springframework.security.test.context.support.WithSecurityContextTestExecutionListener@57fd91c9, org.springframework.security.test.context.support.ReactorContextTestExecutionListener@6cfcd46d, org.springframework.boot.test.mock.mockito.ResetMocksTestExecutionListener@52045dbe, org.springframework.boot.test.autoconfigure.restdocs.RestDocsTestExecutionListener@674658f7, org.springframework.boot.test.autoconfigure.web.client.MockRestServiceServerResetTestExecutionListener@5c8eee0f, org.springframework.boot.test.autoconfigure.web.servlet.MockMvcPrintOnlyOnFailureTestExecutionListener@565b064f, org.springframework.boot.test.autoconfigure.web.servlet.WebDriverTestExecutionListener@26425897, org.springframework.boot.test.autoconfigure.webservices.client.MockWebServiceServerTestExecutionListener@73163d48]
2022-05-03 20:17:40,297 [main] INFO  c.e.s.R.StudentRepositoryTest                      - Starting StudentRepositoryTest using Java 17 on DESKTOP-6MJ53NL with PID 14924 (started by admin in C:\Users\admin\git\StudentRestApi)
2022-05-03 20:17:40,299 [main] DEBUG c.e.s.R.StudentRepositoryTest                      - Running with Spring Boot v2.6.2, Spring v5.3.14
2022-05-03 20:17:40,301 [main] INFO  c.e.s.R.StudentRepositoryTest                      - No active profile set, falling back to default profiles: default
2022-05-03 20:17:40,295 [background-preinit] INFO  o.h.validator.internal.util.Version                - HV000001: Hibernate Validator 6.2.0.Final
